2017/09/11 17:39:20 Starting cygwin install, version 2.871
2017/09/11 17:39:20 User has backup/restore rights
2017/09/11 17:39:20 io_stream_cygfile: fopen(/etc/setup/setup.rc) failed 2 No such file or directory
2017/09/11 17:39:20 Current Directory: C:\x86\download\cygwin-devel\x86
2017/09/11 17:39:20 Could not open service McShield for query, start and stop. McAfee may not be installed, or we don't have access.
2017/09/11 17:39:20 root: C:\gnupack\app\cygwin\cygwin system
2017/09/11 17:39:20 Selected local directory: C:\x86\download\cygwin-devel\x86
2017/09/11 17:39:20 mbox Warning: The current ini file is from a newer version of setup-x86.exe. If you have any trouble installing, please download a fresh version from http://www.cygwin.com/setup-x86.exe
2017/09/11 17:39:20 unattended_mode is set at mbox: returning default value
2017/09/11 17:39:20 io_stream_cygfile: fopen(/etc/setup/installed.db) failed 2 No such file or directory
2017/09/11 17:39:21 io_stream_cygfile: fopen(/etc/setup/timestamp) failed 2 No such file or directory
2017/09/11 17:39:21 mbox note: This setup is version 2.871, but setup.ini claims version 2.881 is available.
You might want to upgrade to get the latest features and bug fixes.
2017/09/11 17:39:21 unattended_mode is set at mbox: returning default value
2017/09/11 17:39:24 Extracting from file://C:\x86\download\cygwin-devel\x86/noarch/release/_autorebase/_autorebase-001006-1.tar.xz
2017/09/11 17:39:24 Extracting from file://C:\x86\download\cygwin-devel\x86/x86/release/alternatives/alternatives-1.3.30c-10.tar.bz2
2017/09/11 17:39:24 Extracting from file://C:\x86\download\cygwin-devel\x86/x86/release/ascii/ascii-3.15-1.tar.xz
2017/09/11 17:39:24 Extracting from file://C:\x86\download\cygwin-devel\x86/x86/release/attr/attr-2.4.46-1.tar.bz2
2017/09/11 17:39:24 Extracting from file://C:\x86\download\cygwin-devel\x86/noarch/release/base-cygwin/base-cygwin-3.8-1.tar.xz
2017/09/11 17:39:24 Extracting from file://C:\x86\download\cygwin-devel\x86/noarch/release/base-files/base-files-4.2-4.tar.xz
2017/09/11 17:39:24 Extracting from file://C:\x86\download\cygwin-devel\x86/x86/release/bash/bash-4.4.12-3.tar.xz
2017/09/11 17:39:25 Extracting from file://C:\x86\download\cygwin-devel\x86/x86/release/bc/bc-1.06.95-2.tar.xz
2017/09/11 17:39:25 Extracting from file://C:\x86\download\cygwin-devel\x86/x86/release/binutils/binutils-2.28-3.tar.xz
2017/09/11 17:39:25 Extracting from file://C:\x86\download\cygwin-devel\x86/x86/release/bzip2/bzip2-1.0.6-3.tar.xz
2017/09/11 17:39:25 Extracting from file://C:\x86\download\cygwin-devel\x86/noarch/release/ca-certificates/ca-certificates-2.16-1.tar.xz
2017/09/11 17:39:25 Extracting from file://C:\x86\download\cygwin-devel\x86/x86/release/colordiff/colordiff-1.0.9-1.tar.bz2
2017/09/11 17:39:25 Extracting from file://C:\x86\download\cygwin-devel\x86/x86/release/connect-proxy/connect-proxy-1.104-1.tar.xz
2017/09/11 17:39:25 Extracting from file://C:\x86\download\cygwin-devel\x86/x86/release/coreutils/coreutils-8.26-2.tar.xz
2017/09/11 17:39:26 Extracting from file://C:\x86\download\cygwin-devel\x86/x86/release/csih/csih-0.9.9-1.tar.xz
2017/09/11 17:39:26 Extracting from file://C:\x86\download\cygwin-devel\x86/x86/release/ctags/ctags-5.8-1.tar.bz2
2017/09/11 17:39:26 Extracting from file://C:\x86\download\cygwin-devel\x86/x86/release/cvs/cvs-1.11.23-2.tar.xz
2017/09/11 17:39:26 Extracting from file://C:\x86\download\cygwin-devel\x86/x86/release/cygrunsrv/cygrunsrv-1.62-1.tar.xz
2017/09/11 17:39:26 Extracting from file://C:\x86\download\cygwin-devel\x86/x86/release/cygutils/cygutils-1.4.16-2.tar.xz
2017/09/11 17:39:26 Extracting from file://C:\x86\download\cygwin-devel\x86/x86/release/cygutils/cygutils-extra/cygutils-extra-1.4.16-2.tar.xz
2017/09/11 17:39:26 Extracting from file://C:\x86\download\cygwin-devel\x86/x86/release/cygwin/cygwin-2.9.0-2.tar.xz
2017/09/11 17:39:26 Extracting from file://C:\x86\download\cygwin-devel\x86/x86/release/cygwin/cygwin-devel/cygwin-devel-2.9.0-2.tar.xz
2017/09/11 17:39:26 Extracting from file://C:\x86\download\cygwin-devel\x86/x86/release/dash/dash-0.5.9.1-1.tar.xz
2017/09/11 17:39:26 Extracting from file://C:\x86\download\cygwin-devel\x86/noarch/release/dejavu-fonts/dejavu-fonts-2.37-1.tar.xz
2017/09/11 17:39:27 Extracting from file://C:\x86\download\cygwin-devel\x86/x86/release/desktop-file-utils/desktop-file-utils-0.23-1.tar.xz
2017/09/11 17:39:27 Extracting from file://C:\x86\download\cygwin-devel\x86/x86/release/diffutils/diffutils-3.5-2.tar.xz
2017/09/11 17:39:27 Extracting from file://C:\x86\download\cygwin-devel\x86/x86/release/dos2unix/dos2unix-7.3.5-1.tar.xz
2017/09/11 17:39:27 Extracting from file://C:\x86\download\cygwin-devel\x86/x86/release/mesa/dri-drivers/dri-drivers-17.1.8-1.tar.xz
2017/09/11 17:39:27 Extracting from file://C:\x86\download\cygwin-devel\x86/x86/release/editrights/editrights-1.03-1.tar.xz
2017/09/11 17:39:27 Extracting from file://C:\x86\download\cygwin-devel\x86/x86/release/expect/expect-5.45-3.tar.xz
2017/09/11 17:39:27 Extracting from file://C:\x86\download\cygwin-devel\x86/x86/release/file/file-5.30-1.tar.xz
2017/09/11 17:39:27 Extracting from file://C:\x86\download\cygwin-devel\x86/x86/release/findutils/findutils-4.6.0-1.tar.xz
2017/09/11 17:39:27 Extracting from file://C:\x86\download\cygwin-devel\x86/x86/release/gamin/gamin-0.1.10-15.tar.xz
2017/09/11 17:39:27 Extracting from file://C:\x86\download\cygwin-devel\x86/x86/release/gawk/gawk-4.1.4-3.tar.xz
2017/09/11 17:39:27 Extracting from file://C:\x86\download\cygwin-devel\x86/x86/release/gcc/gcc-core/gcc-core-6.3.0-2.tar.xz
2017/09/11 17:39:29 Extracting from file://C:\x86\download\cygwin-devel\x86/x86/release/gcc/gcc-g++/gcc-g++-6.3.0-2.tar.xz
2017/09/11 17:39:31 Extracting from file://C:\x86\download\cygwin-devel\x86/x86/release/getent/getent-2.18.90-4.tar.xz
2017/09/11 17:39:31 Extracting from file://C:\x86\download\cygwin-devel\x86/x86/release/git/git-2.14.1-1.tar.xz
2017/09/11 17:39:40 Extracting from file://C:\x86\download\cygwin-devel\x86/x86/release/gnupg/gnupg-1.4.22-1.tar.xz
2017/09/11 17:39:40 Extracting from file://C:\x86\download\cygwin-devel\x86/x86/release/grep/grep-3.0-2.tar.xz
2017/09/11 17:39:40 Extracting from file://C:\x86\download\cygwin-devel\x86/x86/release/groff/groff-1.22.3-1.tar.xz
2017/09/11 17:39:41 Extracting from file://C:\x86\download\cygwin-devel\x86/noarch/release/gsettings-desktop-schemas/gsettings-desktop-schemas-3.24.1-1.tar.xz
2017/09/11 17:39:48 Extracting from file://C:\x86\download\cygwin-devel\x86/x86/release/gzip/gzip-1.8-1.tar.xz
2017/09/11 17:39:49 Extracting from file://C:\x86\download\cygwin-devel\x86/x86/release/hostname/hostname-3.13-1.tar.bz2
2017/09/11 17:39:49 Extracting from file://C:\x86\download\cygwin-devel\x86/x86/release/inetutils/inetutils-1.9.1-2.tar.xz
2017/09/11 17:39:49 Extracting from file://C:\x86\download\cygwin-devel\x86/x86/release/inetutils/inetutils-server/inetutils-server-1.9.1-2.tar.xz
2017/09/11 17:39:49 Extracting from file://C:\x86\download\cygwin-devel\x86/x86/release/texinfo/info/info-6.4-1.tar.xz
2017/09/11 17:39:49 Extracting from file://C:\x86\download\cygwin-devel\x86/x86/release/less/less-487-1.tar.xz
2017/09/11 17:39:49 Extracting from file://C:\x86\download\cygwin-devel\x86/x86/release/mesa/libEGL1/libEGL1-17.1.8-1.tar.xz
2017/09/11 17:39:49 Extracting from file://C:\x86\download\cygwin-devel\x86/x86/release/mesa/libGL1/libGL1-17.1.8-1.tar.xz
2017/09/11 17:39:49 Extracting from file://C:\x86\download\cygwin-devel\x86/x86/release/libX11/libX11-xcb1/libX11-xcb1-1.6.5-1.tar.xz
2017/09/11 17:39:49 Extracting from file://C:\x86\download\cygwin-devel\x86/x86/release/libX11/libX11_6/libX11_6-1.6.5-1.tar.xz
2017/09/11 17:39:49 Extracting from file://C:\x86\download\cygwin-devel\x86/x86/release/libXau/libXau6/libXau6-1.0.8-1.tar.bz2
2017/09/11 17:39:49 Extracting from file://C:\x86\download\cygwin-devel\x86/x86/release/libXdmcp/libXdmcp6/libXdmcp6-1.1.2-1.tar.xz
2017/09/11 17:39:49 Extracting from file://C:\x86\download\cygwin-devel\x86/x86/release/libXext/libXext6/libXext6-1.3.3-1.tar.xz
2017/09/11 17:39:50 Extracting from file://C:\x86\download\cygwin-devel\x86/x86/release/libXft/libXft2/libXft2-2.3.2-1.tar.xz
2017/09/11 17:39:50 Extracting from file://C:\x86\download\cygwin-devel\x86/x86/release/libXpm-noX/libXpm-noX-3.5.10-1.tar.bz2
2017/09/11 17:39:50 Extracting from file://C:\x86\download\cygwin-devel\x86/x86/release/libXpm-noX/libXpm-noX_4/libXpm-noX_4-3.5.10-1.tar.bz2
2017/09/11 17:39:50 Extracting from file://C:\x86\download\cygwin-devel\x86/x86/release/libXrender/libXrender1/libXrender1-0.9.9-1.tar.xz
2017/09/11 17:39:50 Extracting from file://C:\x86\download\cygwin-devel\x86/x86/release/libapr1/libapr1-1.6.2-1.tar.xz
2017/09/11 17:39:50 Extracting from file://C:\x86\download\cygwin-devel\x86/x86/release/libaprutil1/libaprutil1-1.6.0-1.tar.xz
2017/09/11 17:39:50 Extracting from file://C:\x86\download\cygwin-devel\x86/x86/release/libargp/libargp-20110921-3.tar.xz
2017/09/11 17:39:50 Extracting from file://C:\x86\download\cygwin-devel\x86/x86/release/gcc/libatomic1/libatomic1-6.3.0-2.tar.xz
2017/09/11 17:39:50 Extracting from file://C:\x86\download\cygwin-devel\x86/x86/release/attr/libattr1/libattr1-2.4.46-1.tar.bz2
2017/09/11 17:39:50 Extracting from file://C:\x86\download\cygwin-devel\x86/x86/release/util-linux/libblkid1/libblkid1-2.25.2-2.tar.xz
2017/09/11 17:39:50 Extracting from file://C:\x86\download\cygwin-devel\x86/x86/release/boost/libboost_regex1.60/libboost_regex1.60-1.60.0-3.tar.xz
2017/09/11 17:39:50 Extracting from file://C:\x86\download\cygwin-devel\x86/x86/release/boost/libboost_regex1.63/libboost_regex1.63-1.63.0-1.tar.xz
2017/09/11 17:39:50 Extracting from file://C:\x86\download\cygwin-devel\x86/x86/release/bzip2/libbz2_1/libbz2_1-1.0.6-3.tar.xz
2017/09/11 17:39:50 Extracting from file://C:\x86\download\cygwin-devel\x86/x86/release/cairo/libcairo2/libcairo2-1.14.10-1.tar.xz
2017/09/11 17:39:50 Extracting from file://C:\x86\download\cygwin-devel\x86/x86/release/e2fsprogs/libcom_err2/libcom_err2-1.42.12-2.tar.xz
2017/09/11 17:39:50 Extracting from file://C:\x86\download\cygwin-devel\x86/x86/release/libcroco0.6/libcroco0.6_3/libcroco0.6_3-0.6.12-1.tar.xz
2017/09/11 17:39:50 Extracting from file://C:\x86\download\cygwin-devel\x86/x86/release/crypt/libcrypt0/libcrypt0-2.1-1.tar.xz
2017/09/11 17:39:50 Extracting from file://C:\x86\download\cygwin-devel\x86/x86/release/curl/libcurl4/libcurl4-7.55.1-1.tar.xz
2017/09/11 17:39:50 Extracting from file://C:\x86\download\cygwin-devel\x86/x86/release/libdatrie/libdatrie1/libdatrie1-0.2.8-1.tar.xz
2017/09/11 17:39:50 Extracting from file://C:\x86\download\cygwin-devel\x86/x86/release/db4.8/libdb4.8/libdb4.8-4.8.30-1.tar.bz2
2017/09/11 17:39:50 Extracting from file://C:\x86\download\cygwin-devel\x86/x86/release/db/libdb5.3/libdb5.3-5.3.28-1.tar.xz
2017/09/11 17:39:52 Extracting from file://C:\x86\download\cygwin-devel\x86/x86/release/dbus/libdbus1_3/libdbus1_3-1.10.22-1.tar.xz
2017/09/11 17:39:52 Extracting from file://C:\x86\download\cygwin-devel\x86/x86/release/libedit/libedit0/libedit0-20130712-1.tar.xz
2017/09/11 17:39:52 Extracting from file://C:\x86\download\cygwin-devel\x86/x86/release/libevent/libevent2.0_5/libevent2.0_5-2.0.22-1.tar.xz
2017/09/11 17:39:52 Extracting from file://C:\x86\download\cygwin-devel\x86/x86/release/expat/libexpat1/libexpat1-2.2.3-1.tar.xz
2017/09/11 17:39:52 Extracting from file://C:\x86\download\cygwin-devel\x86/x86/release/gamin/libfam0/libfam0-0.1.10-15.tar.xz
2017/09/11 17:39:52 Extracting from file://C:\x86\download\cygwin-devel\x86/x86/release/libffi/libffi6/libffi6-3.2.1-1.tar.xz
2017/09/11 17:39:52 Extracting from file://C:\x86\download\cygwin-devel\x86/x86/release/fontconfig/libfontconfig-common/libfontconfig-common-2.12.4-1.tar.xz
2017/09/11 17:39:52 Extracting from file://C:\x86\download\cygwin-devel\x86/x86/release/fontconfig/libfontconfig1/libfontconfig1-2.12.4-1.tar.xz
2017/09/11 17:39:52 Extracting from file://C:\x86\download\cygwin-devel\x86/x86/release/freetype2/libfreetype6/libfreetype6-2.6.5-1.tar.xz
2017/09/11 17:39:52 Extracting from file://C:\x86\download\cygwin-devel\x86/x86/release/libgc/libgc1/libgc1-7.6.0-1.tar.xz
2017/09/11 17:39:52 Extracting from file://C:\x86\download\cygwin-devel\x86/x86/release/gcc/libgcc1/libgcc1-6.3.0-2.tar.xz
2017/09/11 17:39:52 Extracting from file://C:\x86\download\cygwin-devel\x86/x86/release/gdbm/libgdbm4/libgdbm4-1.12-1.tar.xz
2017/09/11 17:39:52 Extracting from file://C:\x86\download\cygwin-devel\x86/x86/release/gdk-pixbuf2.0/libgdk_pixbuf2.0_0/libgdk_pixbuf2.0_0-2.36.9-1.tar.xz
2017/09/11 17:39:55 Extracting from file://C:\x86\download\cygwin-devel\x86/x86/release/giflib/libgif4/libgif4-4.1.6-10.tar.bz2
2017/09/11 17:39:55 Extracting from file://C:\x86\download\cygwin-devel\x86/x86/release/mesa/libglapi0/libglapi0-17.1.8-1.tar.xz
2017/09/11 17:39:55 Extracting from file://C:\x86\download\cygwin-devel\x86/x86/release/glib2.0/libglib2.0_0/libglib2.0_0-2.52.3-1.tar.xz
2017/09/11 17:39:58 Extracting from file://C:\x86\download\cygwin-devel\x86/x86/release/gmp/libgmp10/libgmp10-6.1.2-1.tar.xz
2017/09/11 17:39:58 Extracting from file://C:\x86\download\cygwin-devel\x86/x86/release/gnutls/libgnutls28/libgnutls28-3.3.27-1.tar.xz
2017/09/11 17:39:58 Extracting from file://C:\x86\download\cygwin-devel\x86/x86/release/gnutls/libgnutls30/libgnutls30-3.5.13-1.tar.xz
2017/09/11 17:39:58 Extracting from file://C:\x86\download\cygwin-devel\x86/x86/release/gcc/libgomp1/libgomp1-6.3.0-2.tar.xz
2017/09/11 17:39:58 Extracting from file://C:\x86\download\cygwin-devel\x86/x86/release/graphite2/libgraphite2_3/libgraphite2_3-1.3.10-1.tar.xz
2017/09/11 17:39:58 Extracting from file://C:\x86\download\cygwin-devel\x86/x86/release/krb5/libgssapi_krb5_2/libgssapi_krb5_2-1.14.4-1.tar.xz
2017/09/11 17:39:58 Extracting from file://C:\x86\download\cygwin-devel\x86/x86/release/guile1.8/libguile17/libguile17-1.8.8-3.tar.xz
2017/09/11 17:40:01 Extracting from file://C:\x86\download\cygwin-devel\x86/x86/release/guile/libguile2.0_22/libguile2.0_22-2.0.14-1.tar.xz
2017/09/11 17:40:02 Extracting from file://C:\x86\download\cygwin-devel\x86/x86/release/harfbuzz/libharfbuzz0/libharfbuzz0-1.4.8-1.tar.xz
2017/09/11 17:40:02 Extracting from file://C:\x86\download\cygwin-devel\x86/x86/release/nettle/libhogweed2/libhogweed2-2.7.1-1.tar.xz
2017/09/11 17:40:02 Extracting from file://C:\x86\download\cygwin-devel\x86/x86/release/nettle/libhogweed4/libhogweed4-3.3-1.tar.xz
2017/09/11 17:40:02 Extracting from file://C:\x86\download\cygwin-devel\x86/x86/release/libiconv/libiconv-1.14-3.tar.xz
2017/09/11 17:40:02 Extracting from file://C:\x86\download\cygwin-devel\x86/x86/release/libiconv/libiconv2/libiconv2-1.14-3.tar.xz
2017/09/11 17:40:02 Extracting from file://C:\x86\download\cygwin-devel\x86/x86/release/icu/libicu57/libicu57-57.1-1.tar.xz
2017/09/11 17:40:08 Extracting from file://C:\x86\download\cygwin-devel\x86/x86/release/icu/libicu58/libicu58-58.2-1.tar.xz
2017/09/11 17:40:11 Extracting from file://C:\x86\download\cygwin-devel\x86/x86/release/libidn2/libidn2_0/libidn2_0-2.0.2-1.tar.xz
2017/09/11 17:40:11 Extracting from file://C:\x86\download\cygwin-devel\x86/x86/release/gettext/libintl-devel/libintl-devel-0.19.8.1-2.tar.xz
2017/09/11 17:40:12 Extracting from file://C:\x86\download\cygwin-devel\x86/x86/release/gettext/libintl8/libintl8-0.19.8.1-2.tar.xz
2017/09/11 17:40:12 Extracting from file://C:\x86\download\cygwin-devel\x86/x86/release/libiodbc/libiodbc2/libiodbc2-3.52.8-2.tar.bz2
2017/09/11 17:40:12 Extracting from file://C:\x86\download\cygwin-devel\x86/x86/release/isl/libisl13/libisl13-0.14.1-1.tar.xz
2017/09/11 17:40:12 Extracting from file://C:\x86\download\cygwin-devel\x86/x86/release/jasper/libjasper1/libjasper1-1.900.22-1.tar.xz
2017/09/11 17:40:12 Extracting from file://C:\x86\download\cygwin-devel\x86/x86/release/jasper/libjasper4/libjasper4-2.0.12-1.tar.xz
2017/09/11 17:40:12 Extracting from file://C:\x86\download\cygwin-devel\x86/x86/release/jbigkit/libjbig2/libjbig2-2.0-14.tar.xz
2017/09/11 17:40:12 Extracting from file://C:\x86\download\cygwin-devel\x86/x86/release/libjpeg-turbo/libjpeg8/libjpeg8-1.5.0-1.tar.xz
2017/09/11 17:40:12 Extracting from file://C:\x86\download\cygwin-devel\x86/x86/release/krb5/libk5crypto3/libk5crypto3-1.14.4-1.tar.xz
2017/09/11 17:40:12 Extracting from file://C:\x86\download\cygwin-devel\x86/x86/release/krb5/libkrb5_3/libkrb5_3-1.14.4-1.tar.xz
2017/09/11 17:40:12 Extracting from file://C:\x86\download\cygwin-devel\x86/x86/release/krb5/libkrb5support0/libkrb5support0-1.14.4-1.tar.xz
2017/09/11 17:40:12 Extracting from file://C:\x86\download\cygwin-devel\x86/x86/release/llvm/libllvm4.0/libllvm4.0-4.0.1-1.tar.xz
2017/09/11 17:40:16 Extracting from file://C:\x86\download\cygwin-devel\x86/x86/release/libtool/libltdl7/libltdl7-2.4.6-4.tar.xz
2017/09/11 17:40:16 Extracting from file://C:\x86\download\cygwin-devel\x86/x86/release/xz/liblzma5/liblzma5-5.2.3-1.tar.xz
2017/09/11 17:40:16 Extracting from file://C:\x86\download\cygwin-devel\x86/x86/release/liblzo2/liblzo2_2/liblzo2_2-2.08-1.tar.xz
2017/09/11 17:40:16 Extracting from file://C:\x86\download\cygwin-devel\x86/x86/release/mpclib/libmpc3/libmpc3-1.0.3-1.tar.xz
2017/09/11 17:40:16 Extracting from file://C:\x86\download\cygwin-devel\x86/x86/release/mpfr/libmpfr4/libmpfr4-3.1.5-1p10.tar.xz
2017/09/11 17:40:16 Extracting from file://C:\x86\download\cygwin-devel\x86/x86/release/mysql/libmysqlclient18/libmysqlclient18-10.1.26-1.tar.xz
2017/09/11 17:40:17 Extracting from file://C:\x86\download\cygwin-devel\x86/x86/release/ncurses/libncursesw10/libncursesw10-6.0-11.20170617.tar.xz
2017/09/11 17:40:17 Extracting from file://C:\x86\download\cygwin-devel\x86/x86/release/neon/libneon27/libneon27-0.30.1-1.tar.xz
2017/09/11 17:40:17 Extracting from file://C:\x86\download\cygwin-devel\x86/x86/release/nettle/libnettle4/libnettle4-2.7.1-1.tar.xz
2017/09/11 17:40:17 Extracting from file://C:\x86\download\cygwin-devel\x86/x86/release/nettle/libnettle6/libnettle6-3.3-1.tar.xz
2017/09/11 17:40:17 Extracting from file://C:\x86\download\cygwin-devel\x86/x86/release/nghttp2/libnghttp2_14/libnghttp2_14-1.23.1-1.tar.xz
2017/09/11 17:40:17 Extracting from file://C:\x86\download\cygwin-devel\x86/x86/release/openldap/libopenldap2_4_2/libopenldap2_4_2-2.4.42-1.tar.xz
2017/09/11 17:40:17 Extracting from file://C:\x86\download\cygwin-devel\x86/x86/release/openssl/libopenssl100/libopenssl100-1.0.2k-1.tar.xz
2017/09/11 17:40:17 Extracting from file://C:\x86\download\cygwin-devel\x86/x86/release/p11-kit/libp11-kit0/libp11-kit0-0.23.5-1.tar.xz
2017/09/11 17:40:17 Extracting from file://C:\x86\download\cygwin-devel\x86/x86/release/pango1.0/libpango1.0_0/libpango1.0_0-1.40.12-1.tar.xz
2017/09/11 17:40:17 Extracting from file://C:\x86\download\cygwin-devel\x86/x86/release/pcre/libpcre1/libpcre1-8.40-3.tar.xz
2017/09/11 17:40:17 Extracting from file://C:\x86\download\cygwin-devel\x86/x86/release/libpipeline/libpipeline1/libpipeline1-1.4.0-1.tar.xz
2017/09/11 17:40:17 Extracting from file://C:\x86\download\cygwin-devel\x86/x86/release/pixman/libpixman1_0/libpixman1_0-0.34.0-1.tar.xz
2017/09/11 17:40:17 Extracting from file://C:\x86\download\cygwin-devel\x86/x86/release/libpng/libpng16/libpng16-1.6.30-2.tar.xz
2017/09/11 17:40:17 Extracting from file://C:\x86\download\cygwin-devel\x86/x86/release/popt/libpopt-common/libpopt-common-1.16-2.tar.xz
2017/09/11 17:40:17 Extracting from file://C:\x86\download\cygwin-devel\x86/x86/release/popt/libpopt0/libpopt0-1.16-2.tar.xz
2017/09/11 17:40:17 Extracting from file://C:\x86\download\cygwin-devel\x86/x86/release/postgresql/libpq5/libpq5-9.6.5-1.tar.xz
2017/09/11 17:40:17 Extracting from file://C:\x86\download\cygwin-devel\x86/x86/release/procps-ng/libprocps-ng5/libprocps-ng5-3.3.11-1.tar.xz
2017/09/11 17:40:17 Extracting from file://C:\x86\download\cygwin-devel\x86/x86/release/procps-ng/libprocps-ng6/libprocps-ng6-3.3.12-2.tar.xz
2017/09/11 17:40:17 Extracting from file://C:\x86\download\cygwin-devel\x86/x86/release/libproxy/libproxy1/libproxy1-0.4.14-1.tar.xz
2017/09/11 17:40:17 Extracting from file://C:\x86\download\cygwin-devel\x86/x86/release/libpsl/libpsl5/libpsl5-0.18.0-1.tar.xz
2017/09/11 17:40:17 Extracting from file://C:\x86\download\cygwin-devel\x86/x86/release/gcc/libquadmath0/libquadmath0-6.3.0-2.tar.xz
2017/09/11 17:40:17 Extracting from file://C:\x86\download\cygwin-devel\x86/x86/release/readline/libreadline7/libreadline7-7.0.3-3.tar.xz
2017/09/11 17:40:17 Extracting from file://C:\x86\download\cygwin-devel\x86/x86/release/librsvg2/librsvg2_2/librsvg2_2-2.40.18-1.tar.xz
2017/09/11 17:40:17 Extracting from file://C:\x86\download\cygwin-devel\x86/x86/release/cyrus-sasl/libsasl2_3/libsasl2_3-2.1.26-11.tar.xz
2017/09/11 17:40:17 Extracting from file://C:\x86\download\cygwin-devel\x86/x86/release/serf/libserf1_0/libserf1_0-1.3.9-1.tar.xz
2017/09/11 17:40:17 Extracting from file://C:\x86\download\cygwin-devel\x86/x86/release/libsigsegv/libsigsegv2/libsigsegv2-2.10-2.tar.xz
2017/09/11 17:40:17 Extracting from file://C:\x86\download\cygwin-devel\x86/x86/release/util-linux/libsmartcols1/libsmartcols1-2.25.2-2.tar.xz
2017/09/11 17:40:17 Extracting from file://C:\x86\download\cygwin-devel\x86/x86/release/source-highlight/libsource-highlight-common/libsource-highlight-common-3.1.8-4.tar.xz
2017/09/11 17:40:17 Extracting from file://C:\x86\download\cygwin-devel\x86/x86/release/source-highlight/libsource-highlight4/libsource-highlight4-3.1.8-4.tar.xz
2017/09/11 17:40:17 Extracting from file://C:\x86\download\cygwin-devel\x86/x86/release/sqlite3/libsqlite3_0/libsqlite3_0-3.19.3-1.tar.xz
2017/09/11 17:40:18 Extracting from file://C:\x86\download\cygwin-devel\x86/x86/release/libssh2/libssh2_1/libssh2_1-1.7.0-1.tar.xz
2017/09/11 17:40:18 Extracting from file://C:\x86\download\cygwin-devel\x86/x86/release/gcc/libssp0/libssp0-6.3.0-2.tar.xz
2017/09/11 17:40:18 Extracting from file://C:\x86\download\cygwin-devel\x86/x86/release/gcc/libstdc++6/libstdc++6-6.3.0-2.tar.xz
2017/09/11 17:40:18 Extracting from file://C:\x86\download\cygwin-devel\x86/x86/release/libtasn1/libtasn1_6/libtasn1_6-4.12-1.tar.xz
2017/09/11 17:40:18 Extracting from file://C:\x86\download\cygwin-devel\x86/x86/release/libthai/libthai0/libthai0-0.1.26-1.tar.xz
2017/09/11 17:40:18 Extracting from file://C:\x86\download\cygwin-devel\x86/x86/release/tiff/libtiff6/libtiff6-4.0.7-1.tar.xz
2017/09/11 17:40:18 Extracting from file://C:\x86\download\cygwin-devel\x86/x86/release/s2tc/libtxc_dxtn/libtxc_dxtn-1.0-1.20151227gitf6ec862.tar.xz
2017/09/11 17:40:18 Extracting from file://C:\x86\download\cygwin-devel\x86/x86/release/libunistring/libunistring2/libunistring2-0.9.6-1.tar.xz
2017/09/11 17:40:18 Extracting from file://C:\x86\download\cygwin-devel\x86/x86/release/libusb-win32/libusb0/libusb0-1.2.6.0-2.tar.xz
2017/09/11 17:40:18 Extracting from file://C:\x86\download\cygwin-devel\x86/x86/release/util-linux/libuuid-devel/libuuid-devel-2.25.2-2.tar.xz
2017/09/11 17:40:18 Extracting from file://C:\x86\download\cygwin-devel\x86/x86/release/util-linux/libuuid1/libuuid1-2.25.2-2.tar.xz
2017/09/11 17:40:18 Extracting from file://C:\x86\download\cygwin-devel\x86/x86/release/gcc/libvtv0/libvtv0-5.4.0-1.tar.xz
2017/09/11 17:40:18 Extracting from file://C:\x86\download\cygwin-devel\x86/x86/release/tcp_wrappers/libwrap0/libwrap0-7.6-22.tar.xz
2017/09/11 17:40:18 Extracting from file://C:\x86\download\cygwin-devel\x86/x86/release/libxcb/libxcb-glx0/libxcb-glx0-1.12-1.tar.xz
2017/09/11 17:40:18 Extracting from file://C:\x86\download\cygwin-devel\x86/x86/release/libxcb/libxcb-render0/libxcb-render0-1.12-1.tar.xz
2017/09/11 17:40:18 Extracting from file://C:\x86\download\cygwin-devel\x86/x86/release/libxcb/libxcb-shm0/libxcb-shm0-1.12-1.tar.xz
2017/09/11 17:40:18 Extracting from file://C:\x86\download\cygwin-devel\x86/x86/release/libxcb/libxcb1/libxcb1-1.12-1.tar.xz
2017/09/11 17:40:18 Extracting from file://C:\x86\download\cygwin-devel\x86/x86/release/libxml2/libxml2-2.9.4-2.tar.xz
2017/09/11 17:40:18 Extracting from file://C:\x86\download\cygwin-devel\x86/x86/release/yaml/libyaml0_2/libyaml0_2-0.1.6-2.tar.xz
2017/09/11 17:40:18 Extracting from file://C:\x86\download\cygwin-devel\x86/x86/release/make/make-4.2.1-2.tar.xz
2017/09/11 17:40:18 Extracting from file://C:\x86\download\cygwin-devel\x86/x86/release/man-db/man-db-2.7.5-2.tar.xz
2017/09/11 17:40:19 Extracting from file://C:\x86\download\cygwin-devel\x86/x86/release/mintty/mintty-2.7.9-0.tar.xz
2017/09/11 17:40:19 Extracting from file://C:\x86\download\cygwin-devel\x86/x86/release/mysql/mysql-common/mysql-common-10.1.26-1.tar.xz
2017/09/11 17:40:19 Extracting from file://C:\x86\download\cygwin-devel\x86/x86/release/ncurses/ncurses-6.0-11.20170617.tar.xz
2017/09/11 17:40:19 Extracting from file://C:\x86\download\cygwin-devel\x86/x86/release/openssh/openssh-7.5p1-1.tar.xz
2017/09/11 17:40:20 Extracting from file://C:\x86\download\cygwin-devel\x86/x86/release/openssl/openssl-1.0.2k-1.tar.xz
2017/09/11 17:40:20 Extracting from file://C:\x86\download\cygwin-devel\x86/x86/release/p11-kit/p11-kit-0.23.5-1.tar.xz
2017/09/11 17:40:20 Extracting from file://C:\x86\download\cygwin-devel\x86/x86/release/p11-kit/p11-kit-trust/p11-kit-trust-0.23.5-1.tar.xz
2017/09/11 17:40:20 Extracting from file://C:\x86\download\cygwin-devel\x86/x86/release/patch/patch-2.7.4-1.tar.xz
2017/09/11 17:40:20 Extracting from file://C:\x86\download\cygwin-devel\x86/x86/release/perl/perl-5.22.4-1.tar.xz
2017/09/11 17:40:36 Extracting from file://C:\x86\download\cygwin-devel\x86/noarch/release/perl-Carp/perl-Carp-1.38-1.tar.xz
2017/09/11 17:40:36 Extracting from file://C:\x86\download\cygwin-devel\x86/x86/release/perl-Compress-Bzip2/perl-Compress-Bzip2-2.26-1.tar.xz
2017/09/11 17:40:36 Extracting from file://C:\x86\download\cygwin-devel\x86/noarch/release/perl-Error/perl-Error-0.17025-1.tar.xz
2017/09/11 17:40:36 Extracting from file://C:\x86\download\cygwin-devel\x86/x86/release/perl-TermReadKey/perl-TermReadKey-2.37-1.tar.xz
2017/09/11 17:40:36 Extracting from file://C:\x86\download\cygwin-devel\x86/x86/release/perl/perl_autorebase/perl_autorebase-5.22.4-1.tar.xz
2017/09/11 17:40:36 Extracting from file://C:\x86\download\cygwin-devel\x86/x86/release/perl/perl_base/perl_base-5.22.4-1.tar.xz
2017/09/11 17:40:40 Extracting from file://C:\x86\download\cygwin-devel\x86/x86/release/perl/perl_manpages/perl_manpages-5.22.4-1.tar.xz
2017/09/11 17:40:43 Extracting from file://C:\x86\download\cygwin-devel\x86/x86/release/perl/perl_pods/perl_pods-5.22.4-1.tar.xz
2017/09/11 17:40:43 Extracting from file://C:\x86\download\cygwin-devel\x86/x86/release/ping/ping-1.0.2-1.tar.xz
2017/09/11 17:40:43 Extracting from file://C:\x86\download\cygwin-devel\x86/x86/release/pkg-config/pkg-config-0.29.1-1.tar.xz
2017/09/11 17:40:43 Extracting from file://C:\x86\download\cygwin-devel\x86/x86/release/procps-ng/procps-ng-3.3.12-2.tar.xz
2017/09/11 17:40:43 Extracting from file://C:\x86\download\cygwin-devel\x86/noarch/release/publicsuffix-list/publicsuffix-list-dafsa/publicsuffix-list-dafsa-20170828-1.tar.xz
2017/09/11 17:40:43 Extracting from file://C:\x86\download\cygwin-devel\x86/x86/release/pv/pv-1.4.12-1.tar.xz
2017/09/11 17:40:43 Extracting from file://C:\x86\download\cygwin-devel\x86/x86/release/python2/python2-2.7.13-1.tar.xz
2017/09/11 17:40:47 Extracting from file://C:\x86\download\cygwin-devel\x86/noarch/release/python-appdirs/python2-appdirs/python2-appdirs-1.4.3-1.tar.xz
2017/09/11 17:40:47 Extracting from file://C:\x86\download\cygwin-devel\x86/x86/release/python2/python2-devel/python2-devel-2.7.13-1.tar.xz
2017/09/11 17:40:48 Extracting from file://C:\x86\download\cygwin-devel\x86/noarch/release/python-packaging/python2-packaging/python2-packaging-16.8-1.tar.xz
2017/09/11 17:40:48 Extracting from file://C:\x86\download\cygwin-devel\x86/noarch/release/python-pyparsing/python2-pyparsing/python2-pyparsing-2.1.10-1.tar.xz
2017/09/11 17:40:48 Extracting from file://C:\x86\download\cygwin-devel\x86/noarch/release/python-setuptools/python2-setuptools/python2-setuptools-34.3.2-1.tar.xz
2017/09/11 17:40:48 Extracting from file://C:\x86\download\cygwin-devel\x86/noarch/release/python-six/python2-six/python2-six-1.10.0-1.tar.xz
2017/09/11 17:40:48 Extracting from file://C:\x86\download\cygwin-devel\x86/x86/release/rebase/rebase-4.4.2-1.tar.xz
2017/09/11 17:40:48 Extracting from file://C:\x86\download\cygwin-devel\x86/x86/release/rsync/rsync-3.1.2-1.tar.xz
2017/09/11 17:40:48 Extracting from file://C:\x86\download\cygwin-devel\x86/x86/release/ruby/ruby-2.3.3-1.tar.xz
2017/09/11 17:40:49 Extracting from file://C:\x86\download\cygwin-devel\x86/noarch/release/ruby-builder/ruby-builder-3.2.2-1.tar.xz
2017/09/11 17:40:49 Extracting from file://C:\x86\download\cygwin-devel\x86/noarch/release/ruby-did_you_mean/ruby-did_you_mean-1.0.2-1.tar.xz
2017/09/11 17:40:49 Extracting from file://C:\x86\download\cygwin-devel\x86/x86/release/ruby-io-console/ruby-io-console-0.4.6-1.tar.xz
2017/09/11 17:40:49 Extracting from file://C:\x86\download\cygwin-devel\x86/x86/release/ruby-json/ruby-json-1.8.6-1.tar.xz
2017/09/11 17:40:49 Extracting from file://C:\x86\download\cygwin-devel\x86/noarch/release/ruby-minitest/ruby-minitest-5.10.1-1.tar.xz
2017/09/11 17:40:49 Extracting from file://C:\x86\download\cygwin-devel\x86/x86/release/ruby-psych/ruby-psych-2.2.4-1.tar.xz
2017/09/11 17:40:49 Extracting from file://C:\x86\download\cygwin-devel\x86/noarch/release/ruby-rake/ruby-rake-11.3.0-1.tar.xz
2017/09/11 17:40:49 Extracting from file://C:\x86\download\cygwin-devel\x86/noarch/release/ruby-rdoc/ruby-rdoc-4.3.0-1.tar.xz
2017/09/11 17:40:49 Extracting from file://C:\x86\download\cygwin-devel\x86/noarch/release/rubygems/rubygems-2.6.11-1.tar.xz
2017/09/11 17:40:52 Extracting from file://C:\x86\download\cygwin-devel\x86/x86/release/sed/sed-4.4-1.tar.xz
2017/09/11 17:41:01 Extracting from file://C:\x86\download\cygwin-devel\x86/x86/release/shared-mime-info/shared-mime-info-1.8-1.tar.xz
2017/09/11 17:41:01 Extracting from file://C:\x86\download\cygwin-devel\x86/x86/release/source-highlight/source-highlight-3.1.8-4.tar.xz
2017/09/11 17:41:09 Extracting from file://C:\x86\download\cygwin-devel\x86/x86/release/subversion/subversion-1.9.7-1.tar.xz
2017/09/11 17:41:22 Extracting from file://C:\x86\download\cygwin-devel\x86/x86/release/tar/tar-1.29-1.tar.xz
2017/09/11 17:41:26 Extracting from file://C:\x86\download\cygwin-devel\x86/x86/release/tcl/tcl-8.6.6-1.tar.xz
2017/09/11 17:41:26 Extracting from file://C:\x86\download\cygwin-devel\x86/x86/release/ncurses/terminfo/terminfo-6.0-11.20170617.tar.xz
2017/09/11 17:41:26 Extracting from file://C:\x86\download\cygwin-devel\x86/x86/release/the_silver_searcher/the_silver_searcher-2.0.0-1.tar.xz
2017/09/11 17:41:26 Extracting from file://C:\x86\download\cygwin-devel\x86/x86/release/time/time-1.7.2-1.tar.xz
2017/09/11 17:41:26 Extracting from file://C:\x86\download\cygwin-devel\x86/x86/release/tmux/tmux-2.4-1.tar.xz
2017/09/11 17:41:26 Extracting from file://C:\x86\download\cygwin-devel\x86/x86/release/tree/tree-1.7.0-1.tar.xz
2017/09/11 17:41:26 Extracting from file://C:\x86\download\cygwin-devel\x86/x86/release/tzcode/tzcode-2017a-1.tar.xz
2017/09/11 17:41:26 Extracting from file://C:\x86\download\cygwin-devel\x86/noarch/release/tzdata/tzdata-2017b-1.tar.xz
2017/09/11 17:41:27 Extracting from file://C:\x86\download\cygwin-devel\x86/x86/release/unzip/unzip-6.0-17.tar.xz
2017/09/11 17:41:27 Extracting from file://C:\x86\download\cygwin-devel\x86/x86/release/util-linux/util-linux-2.25.2-2.tar.xz
2017/09/11 17:41:27 Extracting from file://C:\x86\download\cygwin-devel\x86/x86/release/vim/vim-8.0.1052-1.tar.xz
2017/09/11 17:41:27 Extracting from file://C:\x86\download\cygwin-devel\x86/x86/release/vim/vim-common/vim-common-8.0.1052-1.tar.xz
2017/09/11 17:41:30 Extracting from file://C:\x86\download\cygwin-devel\x86/x86/release/vim/vim-minimal/vim-minimal-8.0.1052-1.tar.xz
2017/09/11 17:41:30 Extracting from file://C:\x86\download\cygwin-devel\x86/x86/release/w32api-headers/w32api-headers-5.0.2-1.tar.xz
2017/09/11 17:41:34 Extracting from file://C:\x86\download\cygwin-devel\x86/x86/release/w32api-runtime/w32api-runtime-5.0.2-1.tar.xz
2017/09/11 17:41:49 Extracting from file://C:\x86\download\cygwin-devel\x86/x86/release/wget/wget-1.19.1-2.tar.xz
2017/09/11 17:41:49 Extracting from file://C:\x86\download\cygwin-devel\x86/x86/release/which/which-2.20-2.tar.bz2
2017/09/11 17:41:49 Extracting from file://C:\x86\download\cygwin-devel\x86/x86/release/windows-default-manifest/windows-default-manifest-6.4-1.tar.xz
2017/09/11 17:41:49 Extracting from file://C:\x86\download\cygwin-devel\x86/x86/release/vim/xxd/xxd-8.0.1052-1.tar.xz
2017/09/11 17:41:49 Extracting from file://C:\x86\download\cygwin-devel\x86/x86/release/xz/xz-5.2.3-1.tar.xz
2017/09/11 17:41:49 Extracting from file://C:\x86\download\cygwin-devel\x86/x86/release/zip/zip-3.0-12.tar.xz
2017/09/11 17:41:49 Extracting from file://C:\x86\download\cygwin-devel\x86/x86/release/zlib/zlib-devel/zlib-devel-1.2.11-1.tar.xz
2017/09/11 17:41:49 Extracting from file://C:\x86\download\cygwin-devel\x86/x86/release/zlib/zlib0/zlib0-1.2.11-1.tar.xz
2017/09/11 17:41:49 Changing gid back to original
2017/09/11 17:41:49 running: C:\gnupack\app\cygwin\cygwin\bin\dash.exe "/etc/postinstall/0p_000_autorebase.dash"
2017/09/11 17:42:08 running: C:\gnupack\app\cygwin\cygwin\bin\dash.exe "/etc/postinstall/0p_update-info-dir.dash"
2017/09/11 17:42:10 running: C:\gnupack\app\cygwin\cygwin\bin\bash.exe --norc --noprofile "/etc/postinstall/000-cygwin-post-install.sh"
2017/09/11 17:42:10 running: C:\gnupack\app\cygwin\cygwin\bin\bash.exe --norc --noprofile "/etc/postinstall/coreutils.sh"
2017/09/11 17:42:10 running: C:\gnupack\app\cygwin\cygwin\bin\bash.exe --norc --noprofile "/etc/postinstall/bash.sh"
2017/09/11 17:42:10 running: C:\gnupack\app\cygwin\cygwin\bin\bash.exe --norc --noprofile "/etc/postinstall/base-files-mketc.sh"
2017/09/11 17:42:10 running: C:\gnupack\app\cygwin\cygwin\bin\bash.exe --norc --noprofile "/etc/postinstall/base-files-profile.sh"
2017/09/11 17:42:11 running: C:\gnupack\app\cygwin\cygwin\bin\bash.exe --norc --noprofile "/etc/postinstall/libxml2.sh"
2017/09/11 17:42:11 running: C:\gnupack\app\cygwin\cygwin\bin\bash.exe --norc --noprofile "/etc/postinstall/ca-certificates.sh"
2017/09/11 17:42:12 running: C:\gnupack\app\cygwin\cygwin\bin\bash.exe --norc --noprofile "/etc/postinstall/colordiff.sh"
2017/09/11 17:42:12 running: C:\gnupack\app\cygwin\cygwin\bin\bash.exe --norc --noprofile "/etc/postinstall/libsasl2_3.sh"
2017/09/11 17:42:12 running: C:\gnupack\app\cygwin\cygwin\bin\bash.exe --norc --noprofile "/etc/postinstall/openssh.sh"
2017/09/11 17:42:12 running: C:\gnupack\app\cygwin\cygwin\bin\bash.exe --norc --noprofile "/etc/postinstall/inetutils-server.sh"
2017/09/11 17:42:19 running: C:\gnupack\app\cygwin\cygwin\bin\bash.exe --norc --noprofile "/etc/postinstall/fontconfig_dtd.sh"
2017/09/11 17:42:19 running: C:\gnupack\app\cygwin\cygwin\bin\bash.exe --norc --noprofile "/etc/postinstall/mysql.sh"
2017/09/11 17:42:19 running: C:\gnupack\app\cygwin\cygwin\bin\bash.exe --norc --noprofile "/etc/postinstall/gdk-pixbuf2.0.sh"
2017/09/11 17:42:19 running: C:\gnupack\app\cygwin\cygwin\bin\bash.exe --norc --noprofile "/etc/postinstall/man-db.sh"
2017/09/11 17:42:19 running: C:\gnupack\app\cygwin\cygwin\bin\bash.exe --norc --noprofile "/etc/postinstall/mintty.sh"
2017/09/11 17:42:19 running: C:\gnupack\app\cygwin\cygwin\bin\bash.exe --norc --noprofile "/etc/postinstall/vim.sh"
2017/09/11 17:42:19 running: C:\gnupack\app\cygwin\cygwin\bin\bash.exe --norc --noprofile "/etc/postinstall/wget.sh"
2017/09/11 17:42:19 running: C:\gnupack\app\cygwin\cygwin\bin\bash.exe --norc --noprofile "/etc/postinstall/zp_desktop-file-utils.sh"
2017/09/11 17:42:19 running: C:\gnupack\app\cygwin\cygwin\bin\bash.exe --norc --noprofile "/etc/postinstall/zp_fontconfig_cache_1.sh"
2017/09/11 17:42:39 running: C:\gnupack\app\cygwin\cygwin\bin\bash.exe --norc --noprofile "/etc/postinstall/zp_glib2.0.sh"
2017/09/11 17:42:39 running: C:\gnupack\app\cygwin\cygwin\bin\bash.exe --norc --noprofile "/etc/postinstall/zp_man-db.sh"
2017/09/11 17:42:39 running: C:\gnupack\app\cygwin\cygwin\bin\bash.exe --norc --noprofile "/etc/postinstall/zp_shared-mime-info.sh"
2017/09/11 17:42:40 Changing gid to Administrators
2017/09/11 17:42:41 Ending cygwin install
